Start testing: Oct 29 22:25 GTB Standard Time
----------------------------------------------------------
1/1 Testing: genome
1/1 Test: genome
Command: "C:/Users/tudor_ytmdyrk/Desktop/genetic_nn/build/tests/genome_tests.exe"
Directory: C:/Users/tudor_ytmdyrk/Desktop/genetic_nn/build/tests
"genome" start time: Oct 29 22:25 GTB Standard Time
Output:
----------------------------------------------------------
<end of output>
Test time =   0.03 sec
----------------------------------------------------------
Test Passed.
"genome" end time: Oct 29 22:25 GTB Standard Time
"genome" time elapsed: 00:00:00
----------------------------------------------------------

End testing: Oct 29 22:25 GTB Standard Time
