<?xml version="1.0" encoding="UTF-8"?>
<Site BuildName="Win32-mingw32-make"
	BuildStamp="20231029-2025-Experimental"
	Name="DESKTOP-46BH15D"
	Generator="ctest-3.24.2"
	CompilerName="C:/msys64/ucrt64/bin/g++.exe"
	CompilerVersion="13.2.0"
	OSName="Windows"
	Hostname="DESKTOP-46BH15D"
	OSRelease=" Professional"
	OSVersion=" (Build 22621)"
	OSPlatform="AMD64"
	Is64Bits="1"
	VendorString="GenuineIntel"
	VendorID="Intel Corporation"
	FamilyID="6"
	ModelID="5"
	ProcessorCacheSize="-1"
	NumberOfLogicalCPU="12"
	NumberOfPhysicalCPU="6"
	TotalVirtualMemory="17195"
	TotalPhysicalMemory="16171"
	LogicalProcessorsPerPhysical="2"
	ProcessorClockFrequency="2592"
	>
	<Testing>
		<StartDateTime>Oct 29 22:25 GTB Standard Time</StartDateTime>
		<StartTestTime>1698611116</StartTestTime>
		<TestList>
			<Test>./tests/genome</Test>
		</TestList>
		<Test Status="passed">
			<Name>genome</Name>
			<Path>./tests</Path>
			<FullName>./tests/genome</FullName>
			<FullCommandLine>C:\Users\tudor_ytmdyrk\Desktop\genetic_nn\build\tests\genome_tests.exe</FullCommandLine>
			<Results>
				<NamedMeasurement type="numeric/double" name="Execution Time">
					<Value>0.029513</Value>
				</NamedMeasurement>
				<NamedMeasurement type="numeric/double" name="Processors">
					<Value>1</Value>
				</NamedMeasurement>
				<NamedMeasurement type="text/string" name="Completion Status">
					<Value>Completed</Value>
				</NamedMeasurement>
				<NamedMeasurement type="text/string" name="Command Line">
					<Value>C:\Users\tudor_ytmdyrk\Desktop\genetic_nn\build\tests\genome_tests.exe</Value>
				</NamedMeasurement>
				<NamedMeasurement type="text/string" name="Environment">
					<Value>#CTEST_RESOURCE_GROUP_COUNT=</Value>
				</NamedMeasurement>
				<Measurement>
					<Value></Value>
				</Measurement>
			</Results>
		</Test>
		<EndDateTime>Oct 29 22:25 GTB Standard Time</EndDateTime>
		<EndTestTime>1698611116</EndTestTime>
		<ElapsedMinutes>0</ElapsedMinutes>
	</Testing>
</Site>
